<html>
<head>
<title>TestNG:  Default test</title>
<link href="../testng.css" rel="stylesheet" type="text/css" />
<link href="../my-testng.css" rel="stylesheet" type="text/css" />

<style type="text/css">
.log { display: none;} 
.stack-trace { display: none;} 
</style>
<script type="text/javascript">
<!--
function flip(e) {
  current = e.style.display;
  if (current == 'block') {
    e.style.display = 'none';
    return 0;
  }
  else {
    e.style.display = 'block';
    return 1;
  }
}

function toggleBox(szDivId, elem, msg1, msg2)
{
  var res = -1;  if (document.getElementById) {
    res = flip(document.getElementById(szDivId));
  }
  else if (document.all) {
    // this is the way old msie versions work
    res = flip(document.all[szDivId]);
  }
  if(elem) {
    if(res == 0) elem.innerHTML = msg1; else elem.innerHTML = msg2;
  }

}

function toggleAllBoxes() {
  if (document.getElementsByTagName) {
    d = document.getElementsByTagName('div');
    for (i = 0; i < d.length; i++) {
      if (d[i].className == 'log') {
        flip(d[i]);
      }
    }
  }
}

// -->
</script>

</head>
<body>
<h2 align='center'>Default test</h2><table border='1' align="center">
<tr>
<td>Tests passed/Failed/Skipped:</td><td>44/1/0</td>
</tr><tr>
<td>Started on:</td><td>Mon Apr 03 06:00:25 EDT 2023</td>
</tr>
<tr><td>Total time:</td><td>227 seconds (227304 ms)</td>
</tr><tr>
<td>Included groups:</td><td></td>
</tr><tr>
<td>Excluded groups:</td><td></td>
</tr>
</table><p/>
<small><i>(Hover the method name to see the test class name)</i></small><p/>
<table width='100%' border='1' class='invocation-failed'>
<tr><td colspan='4' align='center'><b>FAILED TESTS</b></td></tr>
<tr><td><b>Test method</b></td>
<td width="30%"><b>Exception</b></td>
<td width="10%"><b>Time (seconds)</b></td>
<td><b>Instance</b></td>
</tr>
<tr>
<td title='TestRunner.TestNGTestRunner.runScenario()'><b>runScenario</b><br>Test class: TestRunner.TestNGTestRunner<br>Test method: Runs Cucumber Scenarios<br>Parameters: "IC0035", "InReturn Cashletters scenario check"</td>
<td><div><pre>org.openqa.selenium.InvalidArgumentException: invalid argument: uniqueContextId not found
  (Session info: chrome=109.0.5414.129)
Build info: version: &apos;4.8.1&apos;, revision: &apos;8ebccac989&apos;
System info: os.name: &apos;Windows Server 2012 R2&apos;, os.arch: &apos;amd64&apos;, os.version: &apos;6.3&apos;, java.version: &apos;1.8.0_60&apos;
Driver info: org.openqa.selenium.chrome.ChromeDriver
Command: [71826026d85351cfb375cb1ed6766be8, findElements {using=xpath, value=//tr[@class=&quot;topbody&quot;]//tr[14]/td}]
Capabilities {acceptInsecureCerts: true, browserName: chrome, browserVersion: 109.0.5414.129, chrome: {chromedriverVersion: 108.0.5359.71 (1e0e3868ee06..., userDataDir: C:\Users\F3K8U4L\AppData\Lo...}, goog:chromeOptions: {debuggerAddress: localhost:60504}, networkConnectionEnabled: false, pageLoadStrategy: normal, platformName: WINDOWS, proxy: Proxy(), se:cdp: ws://localhost:60504/devtoo..., se:cdpVersion: 109.0.5414.129, setWindowRect: true, strictFileInteractability: false, timeouts: {implicit: 0, pageLoad: 300000, script: 30000}, unhandledPromptBehavior: dismiss and notify, webauthn:extension:credBlob: true, webauthn:extension:largeBlob: true, webauthn:virtualAuthenticators: true}
Session ID: 71826026d85351cfb375cb1ed6766be8
	at sun.reflect.NativeConstructorAccessorImpl.newInstance0(Native Method)
	at sun.reflect.NativeConstructorAccessorImpl.newInstance(NativeConstructorAccessorImpl.java:62)
	at sun.reflect.DelegatingConstructorAccessorImpl.newInstance(DelegatingConstructorAccessorImpl.java:45)
	at java.lang.reflect.Constructor.newInstance(Constructor.java:422)
	at org.openqa.selenium.remote.codec.w3c.W3CHttpResponseCodec.createException(W3CHttpResponseCodec.java:200)
	at org.openqa.selenium.remote.codec.w3c.W3CHttpResponseCodec.decode(W3CHttpResponseCodec.java:133)
	at org.openqa.selenium.remote.codec.w3c.W3CHttpResponseCodec.decode(W3CHttpResponseCodec.java:53)
	at org.openqa.selenium.remote.HttpCommandExecutor.execute(HttpCommandExecutor.java:184)
	at org.openqa.selenium.remote.service.DriverCommandExecutor.invokeExecute(DriverCommandExecutor.java:167)
	at org.openqa.selenium.remote.service.DriverCommandExecutor.execute(DriverCommandExecutor.java:142)
	at org.openqa.selenium.remote.RemoteWebDriver.execute(RemoteWebDriver.java:543)
	at org.openqa.selenium.remote.ElementLocation$ElementFinder$2.findElements(ElementLocation.java:179)
	at org.openqa.selenium.remote.ElementLocation.findElements(ElementLocation.java:102)
	at org.openqa.selenium.remote.RemoteWebDriver.findElements(RemoteWebDriver.java:367)
	at org.openqa.selenium.remote.RemoteWebDriver.findElements(RemoteWebDriver.java:359)
	at pageObjects.InreturnCashLattersPage.checkbutton(InreturnCashLattersPage.java:118)
	at StepDefinations.InreturnCAshlettrsStepDef.check_the_additional_buttons_available_outside_the_result_screen(InreturnCAshlettrsStepDef.java:113)
	at ?.Check the additional buttons available outside the result screen(file:///F:/SumitWorkspace_new/Cucumber_ATF/src/test/resources/features/InReturnCashlettrs.feature:57)
</pre></div><a href='#' onClick='toggleBox("stack-trace23568923", this, "Click to show all stack frames", "Click to hide stack frames")'>Click to show all stack frames</a>
<div class='stack-trace' id='stack-trace23568923'><pre>org.openqa.selenium.InvalidArgumentException: invalid argument: uniqueContextId not found
  (Session info: chrome=109.0.5414.129)
Build info: version: &apos;4.8.1&apos;, revision: &apos;8ebccac989&apos;
System info: os.name: &apos;Windows Server 2012 R2&apos;, os.arch: &apos;amd64&apos;, os.version: &apos;6.3&apos;, java.version: &apos;1.8.0_60&apos;
Driver info: org.openqa.selenium.chrome.ChromeDriver
Command: [71826026d85351cfb375cb1ed6766be8, findElements {using=xpath, value=//tr[@class=&quot;topbody&quot;]//tr[14]/td}]
Capabilities {acceptInsecureCerts: true, browserName: chrome, browserVersion: 109.0.5414.129, chrome: {chromedriverVersion: 108.0.5359.71 (1e0e3868ee06..., userDataDir: C:\Users\F3K8U4L\AppData\Lo...}, goog:chromeOptions: {debuggerAddress: localhost:60504}, networkConnectionEnabled: false, pageLoadStrategy: normal, platformName: WINDOWS, proxy: Proxy(), se:cdp: ws://localhost:60504/devtoo..., se:cdpVersion: 109.0.5414.129, setWindowRect: true, strictFileInteractability: false, timeouts: {implicit: 0, pageLoad: 300000, script: 30000}, unhandledPromptBehavior: dismiss and notify, webauthn:extension:credBlob: true, webauthn:extension:largeBlob: true, webauthn:virtualAuthenticators: true}
Session ID: 71826026d85351cfb375cb1ed6766be8
	at sun.reflect.NativeConstructorAccessorImpl.newInstance0(Native Method)
	at sun.reflect.NativeConstructorAccessorImpl.newInstance(NativeConstructorAccessorImpl.java:62)
	at sun.reflect.DelegatingConstructorAccessorImpl.newInstance(DelegatingConstructorAccessorImpl.java:45)
	at java.lang.reflect.Constructor.newInstance(Constructor.java:422)
	at org.openqa.selenium.remote.codec.w3c.W3CHttpResponseCodec.createException(W3CHttpResponseCodec.java:200)
	at org.openqa.selenium.remote.codec.w3c.W3CHttpResponseCodec.decode(W3CHttpResponseCodec.java:133)
	at org.openqa.selenium.remote.codec.w3c.W3CHttpResponseCodec.decode(W3CHttpResponseCodec.java:53)
	at org.openqa.selenium.remote.HttpCommandExecutor.execute(HttpCommandExecutor.java:184)
	at org.openqa.selenium.remote.service.DriverCommandExecutor.invokeExecute(DriverCommandExecutor.java:167)
	at org.openqa.selenium.remote.service.DriverCommandExecutor.execute(DriverCommandExecutor.java:142)
	at org.openqa.selenium.remote.RemoteWebDriver.execute(RemoteWebDriver.java:543)
	at org.openqa.selenium.remote.ElementLocation$ElementFinder$2.findElements(ElementLocation.java:179)
	at org.openqa.selenium.remote.ElementLocation.findElements(ElementLocation.java:102)
	at org.openqa.selenium.remote.RemoteWebDriver.findElements(RemoteWebDriver.java:367)
	at org.openqa.selenium.remote.RemoteWebDriver.findElements(RemoteWebDriver.java:359)
	at pageObjects.InreturnCashLattersPage.checkbutton(InreturnCashLattersPage.java:118)
	at StepDefinations.InreturnCAshlettrsStepDef.check_the_additional_buttons_available_outside_the_result_screen(InreturnCAshlettrsStepDef.java:113)
	at ?.Check the additional buttons available outside the result screen(file:///F:/SumitWorkspace_new/Cucumber_ATF/src/test/resources/features/InReturnCashlettrs.feature:57)
</pre></div></td>
<td>16</td>
<td>TestRunner.TestNGTestRunner@23ceabc1</td></tr>
</table><p>
<table width='100%' border='1' class='invocation-passed'>
<tr><td colspan='4' align='center'><b>PASSED TESTS</b></td></tr>
<tr><td><b>Test method</b></td>
<td width="30%"><b>Exception</b></td>
<td width="10%"><b>Time (seconds)</b></td>
<td><b>Instance</b></td>
</tr>
<tr>
<td title='TestRunner.TestNGTestRunner.runScenario()'><b>runScenario</b><br>Test class: TestRunner.TestNGTestRunner<br>Test method: Runs Cucumber Scenarios<br>Parameters: "IR001", "InBoundReturn scenario check"</td>
<td></td>
<td>7</td>
<td>TestRunner.TestNGTestRunner@23ceabc1</td></tr>
<tr>
<td title='TestRunner.TestNGTestRunner.runScenario()'><b>runScenario</b><br>Test class: TestRunner.TestNGTestRunner<br>Test method: Runs Cucumber Scenarios<br>Parameters: "IR002", "InBoundReturn scenario check"</td>
<td></td>
<td>4</td>
<td>TestRunner.TestNGTestRunner@23ceabc1</td></tr>
<tr>
<td title='TestRunner.TestNGTestRunner.runScenario()'><b>runScenario</b><br>Test class: TestRunner.TestNGTestRunner<br>Test method: Runs Cucumber Scenarios<br>Parameters: "IC001", "InReturn Cashletters scenario check"</td>
<td></td>
<td>4</td>
<td>TestRunner.TestNGTestRunner@23ceabc1</td></tr>
<tr>
<td title='TestRunner.TestNGTestRunner.runScenario()'><b>runScenario</b><br>Test class: TestRunner.TestNGTestRunner<br>Test method: Runs Cucumber Scenarios<br>Parameters: "IC002", "InReturn Cashletters scenario check"</td>
<td></td>
<td>4</td>
<td>TestRunner.TestNGTestRunner@23ceabc1</td></tr>
<tr>
<td title='TestRunner.TestNGTestRunner.runScenario()'><b>runScenario</b><br>Test class: TestRunner.TestNGTestRunner<br>Test method: Runs Cucumber Scenarios<br>Parameters: "IC003", "InReturn Cashletters scenario check"</td>
<td></td>
<td>5</td>
<td>TestRunner.TestNGTestRunner@23ceabc1</td></tr>
<tr>
<td title='TestRunner.TestNGTestRunner.runScenario()'><b>runScenario</b><br>Test class: TestRunner.TestNGTestRunner<br>Test method: Runs Cucumber Scenarios<br>Parameters: "IC004 IC005", "InReturn Cashletters scenario check"</td>
<td></td>
<td>5</td>
<td>TestRunner.TestNGTestRunner@23ceabc1</td></tr>
<tr>
<td title='TestRunner.TestNGTestRunner.runScenario()'><b>runScenario</b><br>Test class: TestRunner.TestNGTestRunner<br>Test method: Runs Cucumber Scenarios<br>Parameters: "IC0033", "InReturn Cashletters scenario check"</td>
<td></td>
<td>4</td>
<td>TestRunner.TestNGTestRunner@23ceabc1</td></tr>
<tr>
<td title='TestRunner.TestNGTestRunner.runScenario()'><b>runScenario</b><br>Test class: TestRunner.TestNGTestRunner<br>Test method: Runs Cucumber Scenarios<br>Parameters: "IC0034", "InReturn Cashletters scenario check"</td>
<td></td>
<td>4</td>
<td>TestRunner.TestNGTestRunner@23ceabc1</td></tr>
<tr>
<td title='TestRunner.TestNGTestRunner.runScenario()'><b>runScenario</b><br>Test class: TestRunner.TestNGTestRunner<br>Test method: Runs Cucumber Scenarios<br>Parameters: "IC0035", "InReturn Cashletters scenario check"</td>
<td></td>
<td>4</td>
<td>TestRunner.TestNGTestRunner@23ceabc1</td></tr>
<tr>
<td title='TestRunner.TestNGTestRunner.runScenario()'><b>runScenario</b><br>Test class: TestRunner.TestNGTestRunner<br>Test method: Runs Cucumber Scenarios<br>Parameters: "IC038", "InReturn Cashletters scenario check"</td>
<td></td>
<td>5</td>
<td>TestRunner.TestNGTestRunner@23ceabc1</td></tr>
<tr>
<td title='TestRunner.TestNGTestRunner.runScenario()'><b>runScenario</b><br>Test class: TestRunner.TestNGTestRunner<br>Test method: Runs Cucumber Scenarios<br>Parameters: "IC006 to IC0036", "InReturn Cashletters scenario check"</td>
<td></td>
<td>4</td>
<td>TestRunner.TestNGTestRunner@23ceabc1</td></tr>
<tr>
<td title='TestRunner.TestNGTestRunner.runScenario()'><b>runScenario</b><br>Test class: TestRunner.TestNGTestRunner<br>Test method: Runs Cucumber Scenarios<br>Parameters: "IC006 to IC0036", "InReturn Cashletters scenario check"</td>
<td></td>
<td>4</td>
<td>TestRunner.TestNGTestRunner@23ceabc1</td></tr>
<tr>
<td title='TestRunner.TestNGTestRunner.runScenario()'><b>runScenario</b><br>Test class: TestRunner.TestNGTestRunner<br>Test method: Runs Cucumber Scenarios<br>Parameters: "IC006 to IC0036", "InReturn Cashletters scenario check"</td>
<td></td>
<td>4</td>
<td>TestRunner.TestNGTestRunner@23ceabc1</td></tr>
<tr>
<td title='TestRunner.TestNGTestRunner.runScenario()'><b>runScenario</b><br>Test class: TestRunner.TestNGTestRunner<br>Test method: Runs Cucumber Scenarios<br>Parameters: "IC006 to IC0036", "InReturn Cashletters scenario check"</td>
<td></td>
<td>4</td>
<td>TestRunner.TestNGTestRunner@23ceabc1</td></tr>
<tr>
<td title='TestRunner.TestNGTestRunner.runScenario()'><b>runScenario</b><br>Test class: TestRunner.TestNGTestRunner<br>Test method: Runs Cucumber Scenarios<br>Parameters: "IC006 to IC0036", "InReturn Cashletters scenario check"</td>
<td></td>
<td>5</td>
<td>TestRunner.TestNGTestRunner@23ceabc1</td></tr>
<tr>
<td title='TestRunner.TestNGTestRunner.runScenario()'><b>runScenario</b><br>Test class: TestRunner.TestNGTestRunner<br>Test method: Runs Cucumber Scenarios<br>Parameters: "IC006 to IC0036", "InReturn Cashletters scenario check"</td>
<td></td>
<td>4</td>
<td>TestRunner.TestNGTestRunner@23ceabc1</td></tr>
<tr>
<td title='TestRunner.TestNGTestRunner.runScenario()'><b>runScenario</b><br>Test class: TestRunner.TestNGTestRunner<br>Test method: Runs Cucumber Scenarios<br>Parameters: "IC006 to IC0036", "InReturn Cashletters scenario check"</td>
<td></td>
<td>5</td>
<td>TestRunner.TestNGTestRunner@23ceabc1</td></tr>
<tr>
<td title='TestRunner.TestNGTestRunner.runScenario()'><b>runScenario</b><br>Test class: TestRunner.TestNGTestRunner<br>Test method: Runs Cucumber Scenarios<br>Parameters: "IC006 to IC0036", "InReturn Cashletters scenario check"</td>
<td></td>
<td>4</td>
<td>TestRunner.TestNGTestRunner@23ceabc1</td></tr>
<tr>
<td title='TestRunner.TestNGTestRunner.runScenario()'><b>runScenario</b><br>Test class: TestRunner.TestNGTestRunner<br>Test method: Runs Cucumber Scenarios<br>Parameters: "IC006 to IC0036", "InReturn Cashletters scenario check"</td>
<td></td>
<td>4</td>
<td>TestRunner.TestNGTestRunner@23ceabc1</td></tr>
<tr>
<td title='TestRunner.TestNGTestRunner.runScenario()'><b>runScenario</b><br>Test class: TestRunner.TestNGTestRunner<br>Test method: Runs Cucumber Scenarios<br>Parameters: "IC006 to IC0036", "InReturn Cashletters scenario check"</td>
<td></td>
<td>4</td>
<td>TestRunner.TestNGTestRunner@23ceabc1</td></tr>
<tr>
<td title='TestRunner.TestNGTestRunner.runScenario()'><b>runScenario</b><br>Test class: TestRunner.TestNGTestRunner<br>Test method: Runs Cucumber Scenarios<br>Parameters: "IC006 to IC0036", "InReturn Cashletters scenario check"</td>
<td></td>
<td>4</td>
<td>TestRunner.TestNGTestRunner@23ceabc1</td></tr>
<tr>
<td title='TestRunner.TestNGTestRunner.runScenario()'><b>runScenario</b><br>Test class: TestRunner.TestNGTestRunner<br>Test method: Runs Cucumber Scenarios<br>Parameters: "IC006 to IC0036", "InReturn Cashletters scenario check"</td>
<td></td>
<td>4</td>
<td>TestRunner.TestNGTestRunner@23ceabc1</td></tr>
<tr>
<td title='TestRunner.TestNGTestRunner.runScenario()'><b>runScenario</b><br>Test class: TestRunner.TestNGTestRunner<br>Test method: Runs Cucumber Scenarios<br>Parameters: "IC006 to IC0036", "InReturn Cashletters scenario check"</td>
<td></td>
<td>5</td>
<td>TestRunner.TestNGTestRunner@23ceabc1</td></tr>
<tr>
<td title='TestRunner.TestNGTestRunner.runScenario()'><b>runScenario</b><br>Test class: TestRunner.TestNGTestRunner<br>Test method: Runs Cucumber Scenarios<br>Parameters: "IC006 to IC0036", "InReturn Cashletters scenario check"</td>
<td></td>
<td>4</td>
<td>TestRunner.TestNGTestRunner@23ceabc1</td></tr>
<tr>
<td title='TestRunner.TestNGTestRunner.runScenario()'><b>runScenario</b><br>Test class: TestRunner.TestNGTestRunner<br>Test method: Runs Cucumber Scenarios<br>Parameters: "IC006 to IC0036", "InReturn Cashletters scenario check"</td>
<td></td>
<td>4</td>
<td>TestRunner.TestNGTestRunner@23ceabc1</td></tr>
<tr>
<td title='TestRunner.TestNGTestRunner.runScenario()'><b>runScenario</b><br>Test class: TestRunner.TestNGTestRunner<br>Test method: Runs Cucumber Scenarios<br>Parameters: "IC006 to IC0036", "InReturn Cashletters scenario check"</td>
<td></td>
<td>4</td>
<td>TestRunner.TestNGTestRunner@23ceabc1</td></tr>
<tr>
<td title='TestRunner.TestNGTestRunner.runScenario()'><b>runScenario</b><br>Test class: TestRunner.TestNGTestRunner<br>Test method: Runs Cucumber Scenarios<br>Parameters: "IC006 to IC0036", "InReturn Cashletters scenario check"</td>
<td></td>
<td>4</td>
<td>TestRunner.TestNGTestRunner@23ceabc1</td></tr>
<tr>
<td title='TestRunner.TestNGTestRunner.runScenario()'><b>runScenario</b><br>Test class: TestRunner.TestNGTestRunner<br>Test method: Runs Cucumber Scenarios<br>Parameters: "IC006 to IC0036", "InReturn Cashletters scenario check"</td>
<td></td>
<td>4</td>
<td>TestRunner.TestNGTestRunner@23ceabc1</td></tr>
<tr>
<td title='TestRunner.TestNGTestRunner.runScenario()'><b>runScenario</b><br>Test class: TestRunner.TestNGTestRunner<br>Test method: Runs Cucumber Scenarios<br>Parameters: "IC006 to IC0036", "InReturn Cashletters scenario check"</td>
<td></td>
<td>4</td>
<td>TestRunner.TestNGTestRunner@23ceabc1</td></tr>
<tr>
<td title='TestRunner.TestNGTestRunner.runScenario()'><b>runScenario</b><br>Test class: TestRunner.TestNGTestRunner<br>Test method: Runs Cucumber Scenarios<br>Parameters: "IC006 to IC0036", "InReturn Cashletters scenario check"</td>
<td></td>
<td>4</td>
<td>TestRunner.TestNGTestRunner@23ceabc1</td></tr>
<tr>
<td title='TestRunner.TestNGTestRunner.runScenario()'><b>runScenario</b><br>Test class: TestRunner.TestNGTestRunner<br>Test method: Runs Cucumber Scenarios<br>Parameters: "IC006 to IC0036", "InReturn Cashletters scenario check"</td>
<td></td>
<td>4</td>
<td>TestRunner.TestNGTestRunner@23ceabc1</td></tr>
<tr>
<td title='TestRunner.TestNGTestRunner.runScenario()'><b>runScenario</b><br>Test class: TestRunner.TestNGTestRunner<br>Test method: Runs Cucumber Scenarios<br>Parameters: "IC006 to IC0036", "InReturn Cashletters scenario check"</td>
<td></td>
<td>5</td>
<td>TestRunner.TestNGTestRunner@23ceabc1</td></tr>
<tr>
<td title='TestRunner.TestNGTestRunner.runScenario()'><b>runScenario</b><br>Test class: TestRunner.TestNGTestRunner<br>Test method: Runs Cucumber Scenarios<br>Parameters: "INC001", "Incoming scenario check"</td>
<td></td>
<td>3</td>
<td>TestRunner.TestNGTestRunner@23ceabc1</td></tr>
<tr>
<td title='TestRunner.TestNGTestRunner.runScenario()'><b>runScenario</b><br>Test class: TestRunner.TestNGTestRunner<br>Test method: Runs Cucumber Scenarios<br>Parameters: "INC002", "Incoming scenario check"</td>
<td></td>
<td>5</td>
<td>TestRunner.TestNGTestRunner@23ceabc1</td></tr>
<tr>
<td title='TestRunner.TestNGTestRunner.runScenario()'><b>runScenario</b><br>Test class: TestRunner.TestNGTestRunner<br>Test method: Runs Cucumber Scenarios<br>Parameters: "INC003", "Incoming scenario check"</td>
<td></td>
<td>5</td>
<td>TestRunner.TestNGTestRunner@23ceabc1</td></tr>
<tr>
<td title='TestRunner.TestNGTestRunner.runScenario()'><b>runScenario</b><br>Test class: TestRunner.TestNGTestRunner<br>Test method: Runs Cucumber Scenarios<br>Parameters: "INC004", "Incoming scenario check"</td>
<td></td>
<td>6</td>
<td>TestRunner.TestNGTestRunner@23ceabc1</td></tr>
<tr>
<td title='TestRunner.TestNGTestRunner.runScenario()'><b>runScenario</b><br>Test class: TestRunner.TestNGTestRunner<br>Test method: Runs Cucumber Scenarios<br>Parameters: "INC005", "Incoming scenario check"</td>
<td></td>
<td>4</td>
<td>TestRunner.TestNGTestRunner@23ceabc1</td></tr>
<tr>
<td title='TestRunner.TestNGTestRunner.runScenario()'><b>runScenario</b><br>Test class: TestRunner.TestNGTestRunner<br>Test method: Runs Cucumber Scenarios<br>Parameters: "INC007", "Incoming scenario check"</td>
<td></td>
<td>6</td>
<td>TestRunner.TestNGTestRunner@23ceabc1</td></tr>
<tr>
<td title='TestRunner.TestNGTestRunner.runScenario()'><b>runScenario</b><br>Test class: TestRunner.TestNGTestRunner<br>Test method: Runs Cucumber Scenarios<br>Parameters: "OC001", "Outbond return Cashletters"</td>
<td></td>
<td>4</td>
<td>TestRunner.TestNGTestRunner@23ceabc1</td></tr>
<tr>
<td title='TestRunner.TestNGTestRunner.runScenario()'><b>runScenario</b><br>Test class: TestRunner.TestNGTestRunner<br>Test method: Runs Cucumber Scenarios<br>Parameters: "OC002", "Outbond return Cashletters"</td>
<td></td>
<td>4</td>
<td>TestRunner.TestNGTestRunner@23ceabc1</td></tr>
<tr>
<td title='TestRunner.TestNGTestRunner.runScenario()'><b>runScenario</b><br>Test class: TestRunner.TestNGTestRunner<br>Test method: Runs Cucumber Scenarios<br>Parameters: "OC003", "Outbond return Cashletters"</td>
<td></td>
<td>5</td>
<td>TestRunner.TestNGTestRunner@23ceabc1</td></tr>
<tr>
<td title='TestRunner.TestNGTestRunner.runScenario()'><b>runScenario</b><br>Test class: TestRunner.TestNGTestRunner<br>Test method: Runs Cucumber Scenarios<br>Parameters: "valid login check", "ATF login check"</td>
<td></td>
<td>4</td>
<td>TestRunner.TestNGTestRunner@23ceabc1</td></tr>
<tr>
<td title='TestRunner.TestNGTestRunner.runScenario()'><b>runScenario</b><br>Test class: TestRunner.TestNGTestRunner<br>Test method: Runs Cucumber Scenarios<br>Parameters: "invalid user check", "ATF login check"</td>
<td></td>
<td>3</td>
<td>TestRunner.TestNGTestRunner@23ceabc1</td></tr>
<tr>
<td title='TestRunner.TestNGTestRunner.runScenario()'><b>runScenario</b><br>Test class: TestRunner.TestNGTestRunner<br>Test method: Runs Cucumber Scenarios<br>Parameters: "invalid user check", "ATF login check"</td>
<td></td>
<td>4</td>
<td>TestRunner.TestNGTestRunner@23ceabc1</td></tr>
</table><p>
</body>
</html>