<?xml version="1.0" encoding="UTF-8"?>
<!-- Generated by org.testng.reporters.JUnitReportReporter -->
<testsuite hostname="CDWAPGST0156" name="TestRunner.TestNGTestRunner" tests="45" failures="0" timestamp="3 Apr 2023 10:04:12 GMT" time="226.208" errors="1">
  <testcase name="runScenario" time="4.425" classname="TestRunner.TestNGTestRunner"/>
  <testcase name="runScenario" time="6.031" classname="TestRunner.TestNGTestRunner"/>
  <testcase name="runScenario" time="4.500" classname="TestRunner.TestNGTestRunner"/>
  <testcase name="runScenario" time="4.649" classname="TestRunner.TestNGTestRunner"/>
  <testcase name="runScenario" time="4.674" classname="TestRunner.TestNGTestRunner"/>
  <testcase name="runScenario" time="4.307" classname="TestRunner.TestNGTestRunner"/>
  <testcase name="runScenario" time="4.179" classname="TestRunner.TestNGTestRunner"/>
  <testcase name="runScenario" time="4.115" classname="TestRunner.TestNGTestRunner"/>
  <testcase name="runScenario" time="4.452" classname="TestRunner.TestNGTestRunner"/>
  <testcase name="runScenario" time="4.134" classname="TestRunner.TestNGTestRunner"/>
  <testcase name="runScenario" time="4.123" classname="TestRunner.TestNGTestRunner"/>
  <testcase name="runScenario" time="4.588" classname="TestRunner.TestNGTestRunner"/>
  <testcase name="runScenario" time="5.545" classname="TestRunner.TestNGTestRunner"/>
  <testcase name="runScenario" time="3.664" classname="TestRunner.TestNGTestRunner"/>
  <testcase name="runScenario" time="5.263" classname="TestRunner.TestNGTestRunner"/>
  <testcase name="runScenario" time="4.671" classname="TestRunner.TestNGTestRunner"/>
  <testcase name="runScenario" time="4.726" classname="TestRunner.TestNGTestRunner"/>
  <testcase name="runScenario" time="5.995" classname="TestRunner.TestNGTestRunner"/>
  <testcase name="runScenario" time="4.384" classname="TestRunner.TestNGTestRunner"/>
  <testcase name="runScenario" time="4.695" classname="TestRunner.TestNGTestRunner"/>
  <testcase name="runScenario" time="4.431" classname="TestRunner.TestNGTestRunner"/>
  <testcase name="runScenario" time="4.276" classname="TestRunner.TestNGTestRunner"/>
  <testcase name="runScenario" time="4.090" classname="TestRunner.TestNGTestRunner"/>
  <testcase name="runScenario" time="5.619" classname="TestRunner.TestNGTestRunner"/>
  <testcase name="runScenario" time="7.330" classname="TestRunner.TestNGTestRunner"/>
  <testcase name="runScenario" time="4.696" classname="TestRunner.TestNGTestRunner"/>
  <testcase name="runScenario" time="4.458" classname="TestRunner.TestNGTestRunner"/>
  <testcase name="runScenario" time="4.243" classname="TestRunner.TestNGTestRunner"/>
  <testcase name="runScenario" time="4.375" classname="TestRunner.TestNGTestRunner"/>
  <testcase name="runScenario" time="5.100" classname="TestRunner.TestNGTestRunner"/>
  <testcase name="runScenario" time="6.768" classname="TestRunner.TestNGTestRunner"/>
  <testcase name="runScenario" time="5.912" classname="TestRunner.TestNGTestRunner"/>
  <testcase name="runScenario" time="4.375" classname="TestRunner.TestNGTestRunner"/>
  <testcase name="runScenario" time="5.480" classname="TestRunner.TestNGTestRunner"/>
  <testcase name="runScenario" time="4.725" classname="TestRunner.TestNGTestRunner"/>
  <testcase name="runScenario" time="4.323" classname="TestRunner.TestNGTestRunner"/>
  <testcase name="runScenario" time="5.427" classname="TestRunner.TestNGTestRunner"/>
  <testcase name="runScenario" time="4.185" classname="TestRunner.TestNGTestRunner"/>
  <testcase name="runScenario" time="4.053" classname="TestRunner.TestNGTestRunner"/>
  <testcase name="runScenario" time="5.290" classname="TestRunner.TestNGTestRunner"/>
  <testcase name="runScenario" time="3.929" classname="TestRunner.TestNGTestRunner"/>
  <testcase name="runScenario" time="5.153" classname="TestRunner.TestNGTestRunner"/>
  <testcase name="runScenario" time="4.192" classname="TestRunner.TestNGTestRunner"/>
  <testcase name="runScenario" time="4.280" classname="TestRunner.TestNGTestRunner"/>
  <testcase name="runScenario" time="16.378" classname="TestRunner.TestNGTestRunner">
    <error type="org.openqa.selenium.InvalidArgumentException" message="invalid argument: uniqueContextId not found
  (Session info: chrome=109.0.5414.129)
Build info: version: &#039;4.8.1&#039;, revision: &#039;8ebccac989&#039;
System info: os.name: &#039;Windows Server 2012 R2&#039;, os.arch: &#039;amd64&#039;, os.version: &#039;6.3&#039;, java.version: &#039;1.8.0_60&#039;
Driver info: org.openqa.selenium.chrome.ChromeDriver
Command: [71826026d85351cfb375cb1ed6766be8, findElements {using=xpath, value=//tr[@class=&quot;topbody&quot;]//tr[14]/td}]
Capabilities {acceptInsecureCerts: true, browserName: chrome, browserVersion: 109.0.5414.129, chrome: {chromedriverVersion: 108.0.5359.71 (1e0e3868ee06..., userDataDir: C:\Users\F3K8U4L\AppData\Lo...}, goog:chromeOptions: {debuggerAddress: localhost:60504}, networkConnectionEnabled: false, pageLoadStrategy: normal, platformName: WINDOWS, proxy: Proxy(), se:cdp: ws://localhost:60504/devtoo..., se:cdpVersion: 109.0.5414.129, setWindowRect: true, strictFileInteractability: false, timeouts: {implicit: 0, pageLoad: 300000, script: 30000}, unhandledPromptBehavior: dismiss and notify, webauthn:extension:credBlob: true, webauthn:extension:largeBlob: true, webauthn:virtualAuthenticators: true}
Session ID: 71826026d85351cfb375cb1ed6766be8">
      <![CDATA[org.openqa.selenium.InvalidArgumentException: invalid argument: uniqueContextId not found
  (Session info: chrome=109.0.5414.129)
Build info: version: '4.8.1', revision: '8ebccac989'
System info: os.name: 'Windows Server 2012 R2', os.arch: 'amd64', os.version: '6.3', java.version: '1.8.0_60'
Driver info: org.openqa.selenium.chrome.ChromeDriver
Command: [71826026d85351cfb375cb1ed6766be8, findElements {using=xpath, value=//tr[@class="topbody"]//tr[14]/td}]
Capabilities {acceptInsecureCerts: true, browserName: chrome, browserVersion: 109.0.5414.129, chrome: {chromedriverVersion: 108.0.5359.71 (1e0e3868ee06..., userDataDir: C:\Users\F3K8U4L\AppData\Lo...}, goog:chromeOptions: {debuggerAddress: localhost:60504}, networkConnectionEnabled: false, pageLoadStrategy: normal, platformName: WINDOWS, proxy: Proxy(), se:cdp: ws://localhost:60504/devtoo..., se:cdpVersion: 109.0.5414.129, setWindowRect: true, strictFileInteractability: false, timeouts: {implicit: 0, pageLoad: 300000, script: 30000}, unhandledPromptBehavior: dismiss and notify, webauthn:extension:credBlob: true, webauthn:extension:largeBlob: true, webauthn:virtualAuthenticators: true}
Session ID: 71826026d85351cfb375cb1ed6766be8
	at sun.reflect.NativeConstructorAccessorImpl.newInstance0(Native Method)
	at sun.reflect.NativeConstructorAccessorImpl.newInstance(NativeConstructorAccessorImpl.java:62)
	at sun.reflect.DelegatingConstructorAccessorImpl.newInstance(DelegatingConstructorAccessorImpl.java:45)
	at java.lang.reflect.Constructor.newInstance(Constructor.java:422)
	at org.openqa.selenium.remote.codec.w3c.W3CHttpResponseCodec.createException(W3CHttpResponseCodec.java:200)
	at org.openqa.selenium.remote.codec.w3c.W3CHttpResponseCodec.decode(W3CHttpResponseCodec.java:133)
	at org.openqa.selenium.remote.codec.w3c.W3CHttpResponseCodec.decode(W3CHttpResponseCodec.java:53)
	at org.openqa.selenium.remote.HttpCommandExecutor.execute(HttpCommandExecutor.java:184)
	at org.openqa.selenium.remote.service.DriverCommandExecutor.invokeExecute(DriverCommandExecutor.java:167)
	at org.openqa.selenium.remote.service.DriverCommandExecutor.execute(DriverCommandExecutor.java:142)
	at org.openqa.selenium.remote.RemoteWebDriver.execute(RemoteWebDriver.java:543)
	at org.openqa.selenium.remote.ElementLocation$ElementFinder$2.findElements(ElementLocation.java:179)
	at org.openqa.selenium.remote.ElementLocation.findElements(ElementLocation.java:102)
	at org.openqa.selenium.remote.RemoteWebDriver.findElements(RemoteWebDriver.java:367)
	at org.openqa.selenium.remote.RemoteWebDriver.findElements(RemoteWebDriver.java:359)
	at pageObjects.InreturnCashLattersPage.checkbutton(InreturnCashLattersPage.java:118)
	at StepDefinations.InreturnCAshlettrsStepDef.check_the_additional_buttons_available_outside_the_result_screen(InreturnCAshlettrsStepDef.java:113)
	at âœ½.Check the additional buttons available outside the result screen(file:///F:/SumitWorkspace_new/Cucumber_ATF/src/test/resources/features/InReturnCashlettrs.feature:57)
]]>
    </error>
  </testcase> <!-- runScenario -->
</testsuite> <!-- TestRunner.TestNGTestRunner -->
